{"/home/niteshramola/Documents/Shippigo/LearningNodeJs/13-IntegrationTesting/index.js": {"path":"/home/niteshramola/Documents/Shippigo/LearningNodeJs/13-IntegrationTesting/index.js","statementMap":{"0":{"start":{"line":1,"column":16},"end":{"line":1,"column":34}},"1":{"start":{"line":2,"column":16},"end":{"line":2,"column":34}},"2":{"start":{"line":3,"column":12},"end":{"line":3,"column":21}},"3":{"start":{"line":5,"column":0},"end":{"line":5,"column":31}},"4":{"start":{"line":6,"column":0},"end":{"line":6,"column":33}},"5":{"start":{"line":7,"column":0},"end":{"line":7,"column":26}},"6":{"start":{"line":8,"column":0},"end":{"line":8,"column":30}},"7":{"start":{"line":9,"column":0},"end":{"line":9,"column":34}},"8":{"start":{"line":11,"column":13},"end":{"line":11,"column":37}},"9":{"start":{"line":12,"column":15},"end":{"line":14,"column":1}},"10":{"start":{"line":13,"column":2},"end":{"line":13,"column":46}},"11":{"start":{"line":16,"column":0},"end":{"line":16,"column":24}}},"fnMap":{"0":{"name":"(anonymous_0)","decl":{"start":{"line":12,"column":32},"end":{"line":12,"column":33}},"loc":{"start":{"line":13,"column":2},"end":{"line":13,"column":46}},"line":13}},"branchMap":{"0":{"loc":{"start":{"line":11,"column":13},"end":{"line":11,"column":37}},"type":"binary-expr","locations":[{"start":{"line":11,"column":13},"end":{"line":11,"column":29}},{"start":{"line":11,"column":33},"end":{"line":11,"column":37}}],"line":11}},"s":{"0":2,"1":2,"2":2,"3":2,"4":2,"5":2,"6":2,"7":2,"8":2,"9":2,"10":2,"11":2},"f":{"0":2},"b":{"0":[2,2]},"_coverageSchema":"1a1c01bbd47fc00a2c39e90264f33305004495a9","hash":"1c5073775596cd059aa7bac67dd5005c376a2bed"}
,"/home/niteshramola/Documents/Shippigo/LearningNodeJs/13-IntegrationTesting/middleware/admin.js": {"path":"/home/niteshramola/Documents/Shippigo/LearningNodeJs/13-IntegrationTesting/middleware/admin.js","statementMap":{"0":{"start":{"line":1,"column":0},"end":{"line":5,"column":1}},"1":{"start":{"line":2,"column":2},"end":{"line":2,"column":69}},"2":{"start":{"line":2,"column":24},"end":{"line":2,"column":69}},"3":{"start":{"line":4,"column":2},"end":{"line":4,"column":9}}},"fnMap":{"0":{"name":"(anonymous_0)","decl":{"start":{"line":1,"column":17},"end":{"line":1,"column":18}},"loc":{"start":{"line":1,"column":37},"end":{"line":5,"column":1}},"line":1}},"branchMap":{"0":{"loc":{"start":{"line":2,"column":2},"end":{"line":2,"column":69}},"type":"if","locations":[{"start":{"line":2,"column":2},"end":{"line":2,"column":69}},{"start":{},"end":{}}],"line":2}},"s":{"0":2,"1":0,"2":0,"3":0},"f":{"0":0},"b":{"0":[0,0]},"_coverageSchema":"1a1c01bbd47fc00a2c39e90264f33305004495a9","hash":"b52eb74c22212de05cbe0b033628d486c9aaab48"}
,"/home/niteshramola/Documents/Shippigo/LearningNodeJs/13-IntegrationTesting/middleware/auth.js": {"path":"/home/niteshramola/Documents/Shippigo/LearningNodeJs/13-IntegrationTesting/middleware/auth.js","statementMap":{"0":{"start":{"line":1,"column":12},"end":{"line":1,"column":35}},"1":{"start":{"line":2,"column":15},"end":{"line":2,"column":32}},"2":{"start":{"line":4,"column":13},"end":{"line":15,"column":1}},"3":{"start":{"line":5,"column":16},"end":{"line":5,"column":42}},"4":{"start":{"line":6,"column":2},"end":{"line":6,"column":77}},"5":{"start":{"line":6,"column":13},"end":{"line":6,"column":77}},"6":{"start":{"line":8,"column":2},"end":{"line":14,"column":3}},"7":{"start":{"line":9,"column":20},"end":{"line":9,"column":66}},"8":{"start":{"line":10,"column":4},"end":{"line":10,"column":23}},"9":{"start":{"line":11,"column":4},"end":{"line":11,"column":11}},"10":{"start":{"line":13,"column":4},"end":{"line":13,"column":57}},"11":{"start":{"line":17,"column":0},"end":{"line":17,"column":22}}},"fnMap":{"0":{"name":"(anonymous_0)","decl":{"start":{"line":4,"column":13},"end":{"line":4,"column":14}},"loc":{"start":{"line":4,"column":33},"end":{"line":15,"column":1}},"line":4}},"branchMap":{"0":{"loc":{"start":{"line":6,"column":2},"end":{"line":6,"column":77}},"type":"if","locations":[{"start":{"line":6,"column":2},"end":{"line":6,"column":77}},{"start":{},"end":{}}],"line":6}},"s":{"0":2,"1":2,"2":2,"3":5,"4":5,"5":1,"6":4,"7":4,"8":4,"9":4,"10":0,"11":2},"f":{"0":5},"b":{"0":[1,4]},"_coverageSchema":"1a1c01bbd47fc00a2c39e90264f33305004495a9","hash":"8605f6490298666a433a9c740bcf9bb265a9afb1"}
,"/home/niteshramola/Documents/Shippigo/LearningNodeJs/13-IntegrationTesting/middleware/error.js": {"path":"/home/niteshramola/Documents/Shippigo/LearningNodeJs/13-IntegrationTesting/middleware/error.js","statementMap":{"0":{"start":{"line":1,"column":16},"end":{"line":1,"column":34}},"1":{"start":{"line":3,"column":0},"end":{"line":6,"column":1}},"2":{"start":{"line":4,"column":2},"end":{"line":4,"column":34}},"3":{"start":{"line":5,"column":2},"end":{"line":5,"column":46}}},"fnMap":{"0":{"name":"(anonymous_0)","decl":{"start":{"line":3,"column":17},"end":{"line":3,"column":18}},"loc":{"start":{"line":3,"column":42},"end":{"line":6,"column":1}},"line":3}},"branchMap":{},"s":{"0":2,"1":2,"2":0,"3":0},"f":{"0":0},"b":{},"_coverageSchema":"1a1c01bbd47fc00a2c39e90264f33305004495a9","hash":"2908935535623467be8a95b5608276e7428a87ce"}
,"/home/niteshramola/Documents/Shippigo/LearningNodeJs/13-IntegrationTesting/middleware/validateObjectID.js": {"path":"/home/niteshramola/Documents/Shippigo/LearningNodeJs/13-IntegrationTesting/middleware/validateObjectID.js","statementMap":{"0":{"start":{"line":1,"column":17},"end":{"line":1,"column":36}},"1":{"start":{"line":3,"column":0},"end":{"line":8,"column":2}},"2":{"start":{"line":4,"column":2},"end":{"line":6,"column":3}},"3":{"start":{"line":5,"column":4},"end":{"line":5,"column":46}},"4":{"start":{"line":7,"column":2},"end":{"line":7,"column":9}}},"fnMap":{"0":{"name":"(anonymous_0)","decl":{"start":{"line":3,"column":17},"end":{"line":3,"column":18}},"loc":{"start":{"line":3,"column":37},"end":{"line":8,"column":1}},"line":3}},"branchMap":{"0":{"loc":{"start":{"line":4,"column":2},"end":{"line":6,"column":3}},"type":"if","locations":[{"start":{"line":4,"column":2},"end":{"line":6,"column":3}},{"start":{},"end":{}}],"line":4}},"s":{"0":2,"1":2,"2":2,"3":1,"4":1},"f":{"0":2},"b":{"0":[1,1]},"_coverageSchema":"1a1c01bbd47fc00a2c39e90264f33305004495a9","hash":"378e2463a2b9ff3ea58a29c5629778b364926cf0"}
,"/home/niteshramola/Documents/Shippigo/LearningNodeJs/13-IntegrationTesting/models/customer.js": {"path":"/home/niteshramola/Documents/Shippigo/LearningNodeJs/13-IntegrationTesting/models/customer.js","statementMap":{"0":{"start":{"line":1,"column":12},"end":{"line":1,"column":26}},"1":{"start":{"line":2,"column":17},"end":{"line":2,"column":36}},"2":{"start":{"line":4,"column":17},"end":{"line":21,"column":3}},"3":{"start":{"line":24,"column":17},"end":{"line":28,"column":3}},"4":{"start":{"line":30,"column":2},"end":{"line":30,"column":40}},"5":{"start":{"line":33,"column":0},"end":{"line":33,"column":28}},"6":{"start":{"line":34,"column":0},"end":{"line":34,"column":36}}},"fnMap":{"0":{"name":"validateCustomer","decl":{"start":{"line":23,"column":9},"end":{"line":23,"column":25}},"loc":{"start":{"line":23,"column":36},"end":{"line":31,"column":1}},"line":23}},"branchMap":{},"s":{"0":2,"1":2,"2":2,"3":0,"4":0,"5":2,"6":2},"f":{"0":0},"b":{},"_coverageSchema":"1a1c01bbd47fc00a2c39e90264f33305004495a9","hash":"48929371f19f2f1c7acd2ac047f71f3f31756276"}
,"/home/niteshramola/Documents/Shippigo/LearningNodeJs/13-IntegrationTesting/models/genre.js": {"path":"/home/niteshramola/Documents/Shippigo/LearningNodeJs/13-IntegrationTesting/models/genre.js","statementMap":{"0":{"start":{"line":1,"column":12},"end":{"line":1,"column":26}},"1":{"start":{"line":2,"column":17},"end":{"line":2,"column":36}},"2":{"start":{"line":4,"column":20},"end":{"line":11,"column":2}},"3":{"start":{"line":13,"column":14},"end":{"line":13,"column":50}},"4":{"start":{"line":16,"column":17},"end":{"line":18,"column":3}},"5":{"start":{"line":20,"column":2},"end":{"line":20,"column":37}},"6":{"start":{"line":23,"column":0},"end":{"line":23,"column":34}},"7":{"start":{"line":24,"column":0},"end":{"line":24,"column":22}},"8":{"start":{"line":25,"column":0},"end":{"line":25,"column":33}}},"fnMap":{"0":{"name":"validateGenre","decl":{"start":{"line":15,"column":9},"end":{"line":15,"column":22}},"loc":{"start":{"line":15,"column":30},"end":{"line":21,"column":1}},"line":15}},"branchMap":{},"s":{"0":2,"1":2,"2":2,"3":2,"4":4,"5":4,"6":2,"7":2,"8":2},"f":{"0":4},"b":{},"_coverageSchema":"1a1c01bbd47fc00a2c39e90264f33305004495a9","hash":"d209b41f69ab932540354238898b6549a799896c"}
,"/home/niteshramola/Documents/Shippigo/LearningNodeJs/13-IntegrationTesting/models/movie.js": {"path":"/home/niteshramola/Documents/Shippigo/LearningNodeJs/13-IntegrationTesting/models/movie.js","statementMap":{"0":{"start":{"line":1,"column":12},"end":{"line":1,"column":26}},"1":{"start":{"line":2,"column":17},"end":{"line":2,"column":36}},"2":{"start":{"line":3,"column":22},"end":{"line":3,"column":40}},"3":{"start":{"line":5,"column":14},"end":{"line":29,"column":3}},"4":{"start":{"line":32,"column":17},"end":{"line":37,"column":3}},"5":{"start":{"line":39,"column":2},"end":{"line":39,"column":37}},"6":{"start":{"line":42,"column":0},"end":{"line":42,"column":22}},"7":{"start":{"line":43,"column":0},"end":{"line":43,"column":33}}},"fnMap":{"0":{"name":"validateMovie","decl":{"start":{"line":31,"column":9},"end":{"line":31,"column":22}},"loc":{"start":{"line":31,"column":30},"end":{"line":40,"column":1}},"line":31}},"branchMap":{},"s":{"0":2,"1":2,"2":2,"3":2,"4":0,"5":0,"6":2,"7":2},"f":{"0":0},"b":{},"_coverageSchema":"1a1c01bbd47fc00a2c39e90264f33305004495a9","hash":"fd80bb561d804d4b7c7582047bd91c2b84ce5452"}
,"/home/niteshramola/Documents/Shippigo/LearningNodeJs/13-IntegrationTesting/models/rental.js": {"path":"/home/niteshramola/Documents/Shippigo/LearningNodeJs/13-IntegrationTesting/models/rental.js","statementMap":{"0":{"start":{"line":1,"column":12},"end":{"line":1,"column":26}},"1":{"start":{"line":2,"column":0},"end":{"line":2,"column":43}},"2":{"start":{"line":3,"column":17},"end":{"line":3,"column":36}},"3":{"start":{"line":5,"column":15},"end":{"line":57,"column":3}},"4":{"start":{"line":60,"column":17},"end":{"line":63,"column":3}},"5":{"start":{"line":65,"column":2},"end":{"line":65,"column":38}},"6":{"start":{"line":68,"column":0},"end":{"line":68,"column":24}},"7":{"start":{"line":69,"column":0},"end":{"line":69,"column":34}}},"fnMap":{"0":{"name":"validateRental","decl":{"start":{"line":59,"column":9},"end":{"line":59,"column":23}},"loc":{"start":{"line":59,"column":32},"end":{"line":66,"column":1}},"line":59}},"branchMap":{},"s":{"0":2,"1":2,"2":2,"3":2,"4":0,"5":0,"6":2,"7":2},"f":{"0":0},"b":{},"_coverageSchema":"1a1c01bbd47fc00a2c39e90264f33305004495a9","hash":"2637a175b661dfb84fa233bec87eef02bbecac6c"}
,"/home/niteshramola/Documents/Shippigo/LearningNodeJs/13-IntegrationTesting/models/user.js": {"path":"/home/niteshramola/Documents/Shippigo/LearningNodeJs/13-IntegrationTesting/models/user.js","statementMap":{"0":{"start":{"line":1,"column":12},"end":{"line":1,"column":26}},"1":{"start":{"line":2,"column":17},"end":{"line":2,"column":36}},"2":{"start":{"line":3,"column":15},"end":{"line":3,"column":32}},"3":{"start":{"line":4,"column":12},"end":{"line":4,"column":35}},"4":{"start":{"line":6,"column":19},"end":{"line":30,"column":2}},"5":{"start":{"line":32,"column":0},"end":{"line":35,"column":1}},"6":{"start":{"line":33,"column":16},"end":{"line":33,"column":96}},"7":{"start":{"line":34,"column":2},"end":{"line":34,"column":15}},"8":{"start":{"line":37,"column":13},"end":{"line":37,"column":47}},"9":{"start":{"line":40,"column":17},"end":{"line":45,"column":3}},"10":{"start":{"line":47,"column":2},"end":{"line":47,"column":36}},"11":{"start":{"line":50,"column":0},"end":{"line":50,"column":20}},"12":{"start":{"line":51,"column":0},"end":{"line":51,"column":32}}},"fnMap":{"0":{"name":"(anonymous_0)","decl":{"start":{"line":32,"column":39},"end":{"line":32,"column":40}},"loc":{"start":{"line":32,"column":50},"end":{"line":35,"column":1}},"line":32},"1":{"name":"validateUser","decl":{"start":{"line":39,"column":9},"end":{"line":39,"column":21}},"loc":{"start":{"line":39,"column":28},"end":{"line":48,"column":1}},"line":39}},"branchMap":{},"s":{"0":3,"1":3,"2":3,"3":3,"4":3,"5":3,"6":9,"7":9,"8":3,"9":0,"10":0,"11":3,"12":3},"f":{"0":9,"1":0},"b":{},"_coverageSchema":"1a1c01bbd47fc00a2c39e90264f33305004495a9","hash":"3924026cd72ab5463df0274ac883a6e388b9059f"}
,"/home/niteshramola/Documents/Shippigo/LearningNodeJs/13-IntegrationTesting/routes/auth.js": {"path":"/home/niteshramola/Documents/Shippigo/LearningNodeJs/13-IntegrationTesting/routes/auth.js","statementMap":{"0":{"start":{"line":1,"column":15},"end":{"line":1,"column":40}},"1":{"start":{"line":2,"column":10},"end":{"line":2,"column":27}},"2":{"start":{"line":3,"column":17},"end":{"line":3,"column":36}},"3":{"start":{"line":4,"column":15},"end":{"line":4,"column":32}},"4":{"start":{"line":5,"column":15},"end":{"line":5,"column":32}},"5":{"start":{"line":6,"column":12},"end":{"line":6,"column":35}},"6":{"start":{"line":7,"column":16},"end":{"line":7,"column":34}},"7":{"start":{"line":8,"column":12},"end":{"line":8,"column":26}},"8":{"start":{"line":9,"column":15},"end":{"line":9,"column":31}},"9":{"start":{"line":11,"column":0},"end":{"line":23,"column":3}},"10":{"start":{"line":12,"column":20},"end":{"line":12,"column":38}},"11":{"start":{"line":13,"column":2},"end":{"line":13,"column":67}},"12":{"start":{"line":13,"column":13},"end":{"line":13,"column":67}},"13":{"start":{"line":15,"column":13},"end":{"line":15,"column":58}},"14":{"start":{"line":16,"column":2},"end":{"line":16,"column":69}},"15":{"start":{"line":16,"column":12},"end":{"line":16,"column":69}},"16":{"start":{"line":18,"column":24},"end":{"line":18,"column":78}},"17":{"start":{"line":19,"column":2},"end":{"line":19,"column":78}},"18":{"start":{"line":19,"column":21},"end":{"line":19,"column":78}},"19":{"start":{"line":21,"column":16},"end":{"line":21,"column":40}},"20":{"start":{"line":22,"column":2},"end":{"line":22,"column":18}},"21":{"start":{"line":26,"column":17},"end":{"line":29,"column":3}},"22":{"start":{"line":30,"column":2},"end":{"line":30,"column":35}},"23":{"start":{"line":33,"column":0},"end":{"line":33,"column":24}}},"fnMap":{"0":{"name":"(anonymous_0)","decl":{"start":{"line":11,"column":17},"end":{"line":11,"column":18}},"loc":{"start":{"line":11,"column":37},"end":{"line":23,"column":1}},"line":11},"1":{"name":"validate","decl":{"start":{"line":25,"column":9},"end":{"line":25,"column":17}},"loc":{"start":{"line":25,"column":22},"end":{"line":31,"column":1}},"line":25}},"branchMap":{"0":{"loc":{"start":{"line":13,"column":2},"end":{"line":13,"column":67}},"type":"if","locations":[{"start":{"line":13,"column":2},"end":{"line":13,"column":67}},{"start":{},"end":{}}],"line":13},"1":{"loc":{"start":{"line":16,"column":2},"end":{"line":16,"column":69}},"type":"if","locations":[{"start":{"line":16,"column":2},"end":{"line":16,"column":69}},{"start":{},"end":{}}],"line":16},"2":{"loc":{"start":{"line":19,"column":2},"end":{"line":19,"column":78}},"type":"if","locations":[{"start":{"line":19,"column":2},"end":{"line":19,"column":78}},{"start":{},"end":{}}],"line":19}},"s":{"0":2,"1":2,"2":2,"3":2,"4":2,"5":2,"6":2,"7":2,"8":2,"9":2,"10":0,"11":0,"12":0,"13":0,"14":0,"15":0,"16":0,"17":0,"18":0,"19":0,"20":0,"21":0,"22":0,"23":2},"f":{"0":0,"1":0},"b":{"0":[0,0],"1":[0,0],"2":[0,0]},"_coverageSchema":"1a1c01bbd47fc00a2c39e90264f33305004495a9","hash":"fee6a4167bfb3e8b9aae89b71677142e12cc2050"}
,"/home/niteshramola/Documents/Shippigo/LearningNodeJs/13-IntegrationTesting/routes/customers.js": {"path":"/home/niteshramola/Documents/Shippigo/LearningNodeJs/13-IntegrationTesting/routes/customers.js","statementMap":{"0":{"start":{"line":1,"column":29},"end":{"line":1,"column":58}},"1":{"start":{"line":2,"column":17},"end":{"line":2,"column":36}},"2":{"start":{"line":3,"column":16},"end":{"line":3,"column":34}},"3":{"start":{"line":4,"column":15},"end":{"line":4,"column":31}},"4":{"start":{"line":6,"column":0},"end":{"line":9,"column":3}},"5":{"start":{"line":7,"column":20},"end":{"line":7,"column":54}},"6":{"start":{"line":8,"column":2},"end":{"line":8,"column":22}},"7":{"start":{"line":11,"column":0},"end":{"line":23,"column":3}},"8":{"start":{"line":12,"column":20},"end":{"line":12,"column":38}},"9":{"start":{"line":13,"column":2},"end":{"line":13,"column":67}},"10":{"start":{"line":13,"column":13},"end":{"line":13,"column":67}},"11":{"start":{"line":15,"column":17},"end":{"line":19,"column":4}},"12":{"start":{"line":20,"column":2},"end":{"line":20,"column":35}},"13":{"start":{"line":22,"column":2},"end":{"line":22,"column":21}},"14":{"start":{"line":25,"column":0},"end":{"line":39,"column":3}},"15":{"start":{"line":26,"column":20},"end":{"line":26,"column":38}},"16":{"start":{"line":27,"column":2},"end":{"line":27,"column":67}},"17":{"start":{"line":27,"column":13},"end":{"line":27,"column":67}},"18":{"start":{"line":29,"column":19},"end":{"line":34,"column":21}},"19":{"start":{"line":36,"column":2},"end":{"line":36,"column":94}},"20":{"start":{"line":36,"column":17},"end":{"line":36,"column":94}},"21":{"start":{"line":38,"column":2},"end":{"line":38,"column":21}},"22":{"start":{"line":41,"column":0},"end":{"line":47,"column":3}},"23":{"start":{"line":42,"column":19},"end":{"line":42,"column":66}},"24":{"start":{"line":44,"column":2},"end":{"line":44,"column":94}},"25":{"start":{"line":44,"column":17},"end":{"line":44,"column":94}},"26":{"start":{"line":46,"column":2},"end":{"line":46,"column":21}},"27":{"start":{"line":49,"column":0},"end":{"line":55,"column":3}},"28":{"start":{"line":50,"column":19},"end":{"line":50,"column":57}},"29":{"start":{"line":52,"column":2},"end":{"line":52,"column":94}},"30":{"start":{"line":52,"column":17},"end":{"line":52,"column":94}},"31":{"start":{"line":54,"column":2},"end":{"line":54,"column":21}},"32":{"start":{"line":57,"column":0},"end":{"line":57,"column":24}}},"fnMap":{"0":{"name":"(anonymous_0)","decl":{"start":{"line":6,"column":16},"end":{"line":6,"column":17}},"loc":{"start":{"line":6,"column":36},"end":{"line":9,"column":1}},"line":6},"1":{"name":"(anonymous_1)","decl":{"start":{"line":11,"column":17},"end":{"line":11,"column":18}},"loc":{"start":{"line":11,"column":37},"end":{"line":23,"column":1}},"line":11},"2":{"name":"(anonymous_2)","decl":{"start":{"line":25,"column":19},"end":{"line":25,"column":20}},"loc":{"start":{"line":25,"column":39},"end":{"line":39,"column":1}},"line":25},"3":{"name":"(anonymous_3)","decl":{"start":{"line":41,"column":22},"end":{"line":41,"column":23}},"loc":{"start":{"line":41,"column":42},"end":{"line":47,"column":1}},"line":41},"4":{"name":"(anonymous_4)","decl":{"start":{"line":49,"column":19},"end":{"line":49,"column":20}},"loc":{"start":{"line":49,"column":39},"end":{"line":55,"column":1}},"line":49}},"branchMap":{"0":{"loc":{"start":{"line":13,"column":2},"end":{"line":13,"column":67}},"type":"if","locations":[{"start":{"line":13,"column":2},"end":{"line":13,"column":67}},{"start":{},"end":{}}],"line":13},"1":{"loc":{"start":{"line":27,"column":2},"end":{"line":27,"column":67}},"type":"if","locations":[{"start":{"line":27,"column":2},"end":{"line":27,"column":67}},{"start":{},"end":{}}],"line":27},"2":{"loc":{"start":{"line":36,"column":2},"end":{"line":36,"column":94}},"type":"if","locations":[{"start":{"line":36,"column":2},"end":{"line":36,"column":94}},{"start":{},"end":{}}],"line":36},"3":{"loc":{"start":{"line":44,"column":2},"end":{"line":44,"column":94}},"type":"if","locations":[{"start":{"line":44,"column":2},"end":{"line":44,"column":94}},{"start":{},"end":{}}],"line":44},"4":{"loc":{"start":{"line":52,"column":2},"end":{"line":52,"column":94}},"type":"if","locations":[{"start":{"line":52,"column":2},"end":{"line":52,"column":94}},{"start":{},"end":{}}],"line":52}},"s":{"0":2,"1":2,"2":2,"3":2,"4":2,"5":0,"6":0,"7":2,"8":0,"9":0,"10":0,"11":0,"12":0,"13":0,"14":2,"15":0,"16":0,"17":0,"18":0,"19":0,"20":0,"21":0,"22":2,"23":0,"24":0,"25":0,"26":0,"27":2,"28":0,"29":0,"30":0,"31":0,"32":2},"f":{"0":0,"1":0,"2":0,"3":0,"4":0},"b":{"0":[0,0],"1":[0,0],"2":[0,0],"3":[0,0],"4":[0,0]},"_coverageSchema":"1a1c01bbd47fc00a2c39e90264f33305004495a9","hash":"2cd9c480e560fedffb3b41d63639207dd1f20513"}
,"/home/niteshramola/Documents/Shippigo/LearningNodeJs/13-IntegrationTesting/routes/genres.js": {"path":"/home/niteshramola/Documents/Shippigo/LearningNodeJs/13-IntegrationTesting/routes/genres.js","statementMap":{"0":{"start":{"line":1,"column":28},"end":{"line":1,"column":54}},"1":{"start":{"line":2,"column":16},"end":{"line":2,"column":34}},"2":{"start":{"line":3,"column":13},"end":{"line":3,"column":42}},"3":{"start":{"line":4,"column":16},"end":{"line":4,"column":46}},"4":{"start":{"line":5,"column":25},"end":{"line":5,"column":66}},"5":{"start":{"line":6,"column":15},"end":{"line":6,"column":31}},"6":{"start":{"line":8,"column":0},"end":{"line":11,"column":3}},"7":{"start":{"line":9,"column":17},"end":{"line":9,"column":48}},"8":{"start":{"line":10,"column":2},"end":{"line":10,"column":19}},"9":{"start":{"line":13,"column":0},"end":{"line":21,"column":3}},"10":{"start":{"line":14,"column":20},"end":{"line":14,"column":38}},"11":{"start":{"line":15,"column":2},"end":{"line":15,"column":67}},"12":{"start":{"line":15,"column":13},"end":{"line":15,"column":67}},"13":{"start":{"line":17,"column":14},"end":{"line":17,"column":48}},"14":{"start":{"line":18,"column":2},"end":{"line":18,"column":29}},"15":{"start":{"line":20,"column":2},"end":{"line":20,"column":18}},"16":{"start":{"line":23,"column":0},"end":{"line":39,"column":3}},"17":{"start":{"line":24,"column":20},"end":{"line":24,"column":38}},"18":{"start":{"line":25,"column":2},"end":{"line":25,"column":67}},"19":{"start":{"line":25,"column":13},"end":{"line":25,"column":67}},"20":{"start":{"line":27,"column":16},"end":{"line":33,"column":3}},"21":{"start":{"line":35,"column":2},"end":{"line":36,"column":78}},"22":{"start":{"line":36,"column":4},"end":{"line":36,"column":78}},"23":{"start":{"line":38,"column":2},"end":{"line":38,"column":18}},"24":{"start":{"line":41,"column":0},"end":{"line":48,"column":3}},"25":{"start":{"line":42,"column":16},"end":{"line":42,"column":60}},"26":{"start":{"line":44,"column":2},"end":{"line":45,"column":78}},"27":{"start":{"line":45,"column":4},"end":{"line":45,"column":78}},"28":{"start":{"line":47,"column":2},"end":{"line":47,"column":18}},"29":{"start":{"line":50,"column":0},"end":{"line":57,"column":3}},"30":{"start":{"line":51,"column":16},"end":{"line":51,"column":51}},"31":{"start":{"line":53,"column":2},"end":{"line":54,"column":78}},"32":{"start":{"line":54,"column":4},"end":{"line":54,"column":78}},"33":{"start":{"line":56,"column":2},"end":{"line":56,"column":18}},"34":{"start":{"line":59,"column":0},"end":{"line":59,"column":24}}},"fnMap":{"0":{"name":"(anonymous_0)","decl":{"start":{"line":8,"column":16},"end":{"line":8,"column":17}},"loc":{"start":{"line":8,"column":36},"end":{"line":11,"column":1}},"line":8},"1":{"name":"(anonymous_1)","decl":{"start":{"line":13,"column":23},"end":{"line":13,"column":24}},"loc":{"start":{"line":13,"column":43},"end":{"line":21,"column":1}},"line":13},"2":{"name":"(anonymous_2)","decl":{"start":{"line":23,"column":37},"end":{"line":23,"column":38}},"loc":{"start":{"line":23,"column":57},"end":{"line":39,"column":1}},"line":23},"3":{"name":"(anonymous_3)","decl":{"start":{"line":41,"column":57},"end":{"line":41,"column":58}},"loc":{"start":{"line":41,"column":77},"end":{"line":48,"column":1}},"line":41},"4":{"name":"(anonymous_4)","decl":{"start":{"line":50,"column":37},"end":{"line":50,"column":38}},"loc":{"start":{"line":50,"column":57},"end":{"line":57,"column":1}},"line":50}},"branchMap":{"0":{"loc":{"start":{"line":15,"column":2},"end":{"line":15,"column":67}},"type":"if","locations":[{"start":{"line":15,"column":2},"end":{"line":15,"column":67}},{"start":{},"end":{}}],"line":15},"1":{"loc":{"start":{"line":25,"column":2},"end":{"line":25,"column":67}},"type":"if","locations":[{"start":{"line":25,"column":2},"end":{"line":25,"column":67}},{"start":{},"end":{}}],"line":25},"2":{"loc":{"start":{"line":35,"column":2},"end":{"line":36,"column":78}},"type":"if","locations":[{"start":{"line":35,"column":2},"end":{"line":36,"column":78}},{"start":{},"end":{}}],"line":35},"3":{"loc":{"start":{"line":44,"column":2},"end":{"line":45,"column":78}},"type":"if","locations":[{"start":{"line":44,"column":2},"end":{"line":45,"column":78}},{"start":{},"end":{}}],"line":44},"4":{"loc":{"start":{"line":53,"column":2},"end":{"line":54,"column":78}},"type":"if","locations":[{"start":{"line":53,"column":2},"end":{"line":54,"column":78}},{"start":{},"end":{}}],"line":53}},"s":{"0":2,"1":2,"2":2,"3":2,"4":2,"5":2,"6":2,"7":1,"8":1,"9":2,"10":4,"11":4,"12":2,"13":2,"14":2,"15":2,"16":2,"17":0,"18":0,"19":0,"20":0,"21":0,"22":0,"23":0,"24":2,"25":0,"26":0,"27":0,"28":0,"29":2,"30":1,"31":1,"32":0,"33":1,"34":2},"f":{"0":1,"1":4,"2":0,"3":0,"4":1},"b":{"0":[2,2],"1":[0,0],"2":[0,0],"3":[0,0],"4":[0,1]},"_coverageSchema":"1a1c01bbd47fc00a2c39e90264f33305004495a9","hash":"52ac20f257a98fcf407c65c35ab19b66cb709e17"}
,"/home/niteshramola/Documents/Shippigo/LearningNodeJs/13-IntegrationTesting/routes/movies.js": {"path":"/home/niteshramola/Documents/Shippigo/LearningNodeJs/13-IntegrationTesting/routes/movies.js","statementMap":{"0":{"start":{"line":1,"column":26},"end":{"line":1,"column":52}},"1":{"start":{"line":2,"column":16},"end":{"line":2,"column":42}},"2":{"start":{"line":3,"column":17},"end":{"line":3,"column":36}},"3":{"start":{"line":4,"column":16},"end":{"line":4,"column":34}},"4":{"start":{"line":5,"column":15},"end":{"line":5,"column":31}},"5":{"start":{"line":7,"column":0},"end":{"line":10,"column":3}},"6":{"start":{"line":8,"column":17},"end":{"line":8,"column":48}},"7":{"start":{"line":9,"column":2},"end":{"line":9,"column":19}},"8":{"start":{"line":12,"column":0},"end":{"line":31,"column":3}},"9":{"start":{"line":13,"column":20},"end":{"line":13,"column":38}},"10":{"start":{"line":14,"column":2},"end":{"line":14,"column":67}},"11":{"start":{"line":14,"column":13},"end":{"line":14,"column":67}},"12":{"start":{"line":16,"column":16},"end":{"line":16,"column":54}},"13":{"start":{"line":17,"column":2},"end":{"line":17,"column":60}},"14":{"start":{"line":17,"column":14},"end":{"line":17,"column":60}},"15":{"start":{"line":19,"column":14},"end":{"line":27,"column":4}},"16":{"start":{"line":28,"column":2},"end":{"line":28,"column":29}},"17":{"start":{"line":30,"column":2},"end":{"line":30,"column":18}},"18":{"start":{"line":33,"column":0},"end":{"line":54,"column":3}},"19":{"start":{"line":34,"column":20},"end":{"line":34,"column":38}},"20":{"start":{"line":35,"column":2},"end":{"line":35,"column":67}},"21":{"start":{"line":35,"column":13},"end":{"line":35,"column":67}},"22":{"start":{"line":37,"column":16},"end":{"line":37,"column":54}},"23":{"start":{"line":38,"column":2},"end":{"line":38,"column":60}},"24":{"start":{"line":38,"column":14},"end":{"line":38,"column":60}},"25":{"start":{"line":40,"column":16},"end":{"line":49,"column":21}},"26":{"start":{"line":51,"column":2},"end":{"line":51,"column":88}},"27":{"start":{"line":51,"column":14},"end":{"line":51,"column":88}},"28":{"start":{"line":53,"column":2},"end":{"line":53,"column":18}},"29":{"start":{"line":56,"column":0},"end":{"line":62,"column":3}},"30":{"start":{"line":57,"column":16},"end":{"line":57,"column":60}},"31":{"start":{"line":59,"column":2},"end":{"line":59,"column":88}},"32":{"start":{"line":59,"column":14},"end":{"line":59,"column":88}},"33":{"start":{"line":61,"column":2},"end":{"line":61,"column":18}},"34":{"start":{"line":64,"column":0},"end":{"line":70,"column":3}},"35":{"start":{"line":65,"column":16},"end":{"line":65,"column":51}},"36":{"start":{"line":67,"column":2},"end":{"line":67,"column":88}},"37":{"start":{"line":67,"column":14},"end":{"line":67,"column":88}},"38":{"start":{"line":69,"column":2},"end":{"line":69,"column":18}},"39":{"start":{"line":72,"column":0},"end":{"line":72,"column":24}}},"fnMap":{"0":{"name":"(anonymous_0)","decl":{"start":{"line":7,"column":16},"end":{"line":7,"column":17}},"loc":{"start":{"line":7,"column":36},"end":{"line":10,"column":1}},"line":7},"1":{"name":"(anonymous_1)","decl":{"start":{"line":12,"column":17},"end":{"line":12,"column":18}},"loc":{"start":{"line":12,"column":37},"end":{"line":31,"column":1}},"line":12},"2":{"name":"(anonymous_2)","decl":{"start":{"line":33,"column":19},"end":{"line":33,"column":20}},"loc":{"start":{"line":33,"column":39},"end":{"line":54,"column":1}},"line":33},"3":{"name":"(anonymous_3)","decl":{"start":{"line":56,"column":22},"end":{"line":56,"column":23}},"loc":{"start":{"line":56,"column":42},"end":{"line":62,"column":1}},"line":56},"4":{"name":"(anonymous_4)","decl":{"start":{"line":64,"column":19},"end":{"line":64,"column":20}},"loc":{"start":{"line":64,"column":39},"end":{"line":70,"column":1}},"line":64}},"branchMap":{"0":{"loc":{"start":{"line":14,"column":2},"end":{"line":14,"column":67}},"type":"if","locations":[{"start":{"line":14,"column":2},"end":{"line":14,"column":67}},{"start":{},"end":{}}],"line":14},"1":{"loc":{"start":{"line":17,"column":2},"end":{"line":17,"column":60}},"type":"if","locations":[{"start":{"line":17,"column":2},"end":{"line":17,"column":60}},{"start":{},"end":{}}],"line":17},"2":{"loc":{"start":{"line":35,"column":2},"end":{"line":35,"column":67}},"type":"if","locations":[{"start":{"line":35,"column":2},"end":{"line":35,"column":67}},{"start":{},"end":{}}],"line":35},"3":{"loc":{"start":{"line":38,"column":2},"end":{"line":38,"column":60}},"type":"if","locations":[{"start":{"line":38,"column":2},"end":{"line":38,"column":60}},{"start":{},"end":{}}],"line":38},"4":{"loc":{"start":{"line":51,"column":2},"end":{"line":51,"column":88}},"type":"if","locations":[{"start":{"line":51,"column":2},"end":{"line":51,"column":88}},{"start":{},"end":{}}],"line":51},"5":{"loc":{"start":{"line":59,"column":2},"end":{"line":59,"column":88}},"type":"if","locations":[{"start":{"line":59,"column":2},"end":{"line":59,"column":88}},{"start":{},"end":{}}],"line":59},"6":{"loc":{"start":{"line":67,"column":2},"end":{"line":67,"column":88}},"type":"if","locations":[{"start":{"line":67,"column":2},"end":{"line":67,"column":88}},{"start":{},"end":{}}],"line":67}},"s":{"0":2,"1":2,"2":2,"3":2,"4":2,"5":2,"6":0,"7":0,"8":2,"9":0,"10":0,"11":0,"12":0,"13":0,"14":0,"15":0,"16":0,"17":0,"18":2,"19":0,"20":0,"21":0,"22":0,"23":0,"24":0,"25":0,"26":0,"27":0,"28":0,"29":2,"30":0,"31":0,"32":0,"33":0,"34":2,"35":0,"36":0,"37":0,"38":0,"39":2},"f":{"0":0,"1":0,"2":0,"3":0,"4":0},"b":{"0":[0,0],"1":[0,0],"2":[0,0],"3":[0,0],"4":[0,0],"5":[0,0],"6":[0,0]},"_coverageSchema":"1a1c01bbd47fc00a2c39e90264f33305004495a9","hash":"b0d50ccdc8e6c72e04991de73581abaad99ca57a"}
,"/home/niteshramola/Documents/Shippigo/LearningNodeJs/13-IntegrationTesting/routes/rentals.js": {"path":"/home/niteshramola/Documents/Shippigo/LearningNodeJs/13-IntegrationTesting/routes/rentals.js","statementMap":{"0":{"start":{"line":1,"column":27},"end":{"line":1,"column":54}},"1":{"start":{"line":2,"column":16},"end":{"line":2,"column":42}},"2":{"start":{"line":3,"column":19},"end":{"line":3,"column":48}},"3":{"start":{"line":4,"column":13},"end":{"line":4,"column":28}},"4":{"start":{"line":5,"column":17},"end":{"line":5,"column":36}},"5":{"start":{"line":6,"column":16},"end":{"line":6,"column":34}},"6":{"start":{"line":7,"column":15},"end":{"line":7,"column":31}},"7":{"start":{"line":9,"column":0},"end":{"line":9,"column":20}},"8":{"start":{"line":11,"column":0},"end":{"line":14,"column":3}},"9":{"start":{"line":12,"column":18},"end":{"line":12,"column":54}},"10":{"start":{"line":13,"column":2},"end":{"line":13,"column":20}},"11":{"start":{"line":16,"column":0},"end":{"line":52,"column":3}},"12":{"start":{"line":17,"column":20},"end":{"line":17,"column":38}},"13":{"start":{"line":18,"column":2},"end":{"line":18,"column":67}},"14":{"start":{"line":18,"column":13},"end":{"line":18,"column":67}},"15":{"start":{"line":20,"column":19},"end":{"line":20,"column":63}},"16":{"start":{"line":21,"column":2},"end":{"line":21,"column":66}},"17":{"start":{"line":21,"column":17},"end":{"line":21,"column":66}},"18":{"start":{"line":23,"column":16},"end":{"line":23,"column":54}},"19":{"start":{"line":24,"column":2},"end":{"line":24,"column":60}},"20":{"start":{"line":24,"column":14},"end":{"line":24,"column":60}},"21":{"start":{"line":26,"column":2},"end":{"line":26,"column":84}},"22":{"start":{"line":26,"column":33},"end":{"line":26,"column":84}},"23":{"start":{"line":28,"column":15},"end":{"line":39,"column":4}},"24":{"start":{"line":40,"column":2},"end":{"line":50,"column":3}},"25":{"start":{"line":41,"column":4},"end":{"line":46,"column":12}},"26":{"start":{"line":47,"column":4},"end":{"line":47,"column":21}},"27":{"start":{"line":49,"column":4},"end":{"line":49,"column":47}},"28":{"start":{"line":54,"column":0},"end":{"line":60,"column":3}},"29":{"start":{"line":55,"column":17},"end":{"line":55,"column":53}},"30":{"start":{"line":57,"column":2},"end":{"line":57,"column":90}},"31":{"start":{"line":57,"column":15},"end":{"line":57,"column":90}},"32":{"start":{"line":59,"column":2},"end":{"line":59,"column":19}},"33":{"start":{"line":62,"column":0},"end":{"line":62,"column":24}}},"fnMap":{"0":{"name":"(anonymous_0)","decl":{"start":{"line":11,"column":16},"end":{"line":11,"column":17}},"loc":{"start":{"line":11,"column":36},"end":{"line":14,"column":1}},"line":11},"1":{"name":"(anonymous_1)","decl":{"start":{"line":16,"column":17},"end":{"line":16,"column":18}},"loc":{"start":{"line":16,"column":37},"end":{"line":52,"column":1}},"line":16},"2":{"name":"(anonymous_2)","decl":{"start":{"line":54,"column":19},"end":{"line":54,"column":20}},"loc":{"start":{"line":54,"column":39},"end":{"line":60,"column":1}},"line":54}},"branchMap":{"0":{"loc":{"start":{"line":18,"column":2},"end":{"line":18,"column":67}},"type":"if","locations":[{"start":{"line":18,"column":2},"end":{"line":18,"column":67}},{"start":{},"end":{}}],"line":18},"1":{"loc":{"start":{"line":21,"column":2},"end":{"line":21,"column":66}},"type":"if","locations":[{"start":{"line":21,"column":2},"end":{"line":21,"column":66}},{"start":{},"end":{}}],"line":21},"2":{"loc":{"start":{"line":24,"column":2},"end":{"line":24,"column":60}},"type":"if","locations":[{"start":{"line":24,"column":2},"end":{"line":24,"column":60}},{"start":{},"end":{}}],"line":24},"3":{"loc":{"start":{"line":26,"column":2},"end":{"line":26,"column":84}},"type":"if","locations":[{"start":{"line":26,"column":2},"end":{"line":26,"column":84}},{"start":{},"end":{}}],"line":26},"4":{"loc":{"start":{"line":57,"column":2},"end":{"line":57,"column":90}},"type":"if","locations":[{"start":{"line":57,"column":2},"end":{"line":57,"column":90}},{"start":{},"end":{}}],"line":57}},"s":{"0":2,"1":2,"2":2,"3":2,"4":2,"5":2,"6":2,"7":2,"8":2,"9":0,"10":0,"11":2,"12":0,"13":0,"14":0,"15":0,"16":0,"17":0,"18":0,"19":0,"20":0,"21":0,"22":0,"23":0,"24":0,"25":0,"26":0,"27":0,"28":2,"29":0,"30":0,"31":0,"32":0,"33":2},"f":{"0":0,"1":0,"2":0},"b":{"0":[0,0],"1":[0,0],"2":[0,0],"3":[0,0],"4":[0,0]},"_coverageSchema":"1a1c01bbd47fc00a2c39e90264f33305004495a9","hash":"2f8eb60113e7217b688200321b1544a51f00dfef"}
,"/home/niteshramola/Documents/Shippigo/LearningNodeJs/13-IntegrationTesting/routes/users.js": {"path":"/home/niteshramola/Documents/Shippigo/LearningNodeJs/13-IntegrationTesting/routes/users.js","statementMap":{"0":{"start":{"line":1,"column":25},"end":{"line":1,"column":50}},"1":{"start":{"line":2,"column":10},"end":{"line":2,"column":27}},"2":{"start":{"line":3,"column":17},"end":{"line":3,"column":36}},"3":{"start":{"line":4,"column":15},"end":{"line":4,"column":32}},"4":{"start":{"line":5,"column":13},"end":{"line":5,"column":42}},"5":{"start":{"line":6,"column":16},"end":{"line":6,"column":34}},"6":{"start":{"line":7,"column":15},"end":{"line":7,"column":31}},"7":{"start":{"line":9,"column":0},"end":{"line":12,"column":3}},"8":{"start":{"line":10,"column":15},"end":{"line":10,"column":68}},"9":{"start":{"line":11,"column":2},"end":{"line":11,"column":17}},"10":{"start":{"line":14,"column":0},"end":{"line":29,"column":3}},"11":{"start":{"line":15,"column":20},"end":{"line":15,"column":38}},"12":{"start":{"line":16,"column":2},"end":{"line":16,"column":67}},"13":{"start":{"line":16,"column":13},"end":{"line":16,"column":67}},"14":{"start":{"line":18,"column":13},"end":{"line":18,"column":58}},"15":{"start":{"line":19,"column":2},"end":{"line":19,"column":82}},"16":{"start":{"line":19,"column":11},"end":{"line":19,"column":82}},"17":{"start":{"line":21,"column":2},"end":{"line":21,"column":78}},"18":{"start":{"line":22,"column":15},"end":{"line":22,"column":39}},"19":{"start":{"line":23,"column":2},"end":{"line":23,"column":57}},"20":{"start":{"line":25,"column":2},"end":{"line":25,"column":20}},"21":{"start":{"line":27,"column":16},"end":{"line":27,"column":40}},"22":{"start":{"line":28,"column":2},"end":{"line":28,"column":92}},"23":{"start":{"line":31,"column":0},"end":{"line":31,"column":24}}},"fnMap":{"0":{"name":"(anonymous_0)","decl":{"start":{"line":9,"column":24},"end":{"line":9,"column":25}},"loc":{"start":{"line":9,"column":44},"end":{"line":12,"column":1}},"line":9},"1":{"name":"(anonymous_1)","decl":{"start":{"line":14,"column":17},"end":{"line":14,"column":18}},"loc":{"start":{"line":14,"column":37},"end":{"line":29,"column":1}},"line":14}},"branchMap":{"0":{"loc":{"start":{"line":16,"column":2},"end":{"line":16,"column":67}},"type":"if","locations":[{"start":{"line":16,"column":2},"end":{"line":16,"column":67}},{"start":{},"end":{}}],"line":16},"1":{"loc":{"start":{"line":19,"column":2},"end":{"line":19,"column":82}},"type":"if","locations":[{"start":{"line":19,"column":2},"end":{"line":19,"column":82}},{"start":{},"end":{}}],"line":19}},"s":{"0":2,"1":2,"2":2,"3":2,"4":2,"5":2,"6":2,"7":2,"8":0,"9":0,"10":2,"11":0,"12":0,"13":0,"14":0,"15":0,"16":0,"17":0,"18":0,"19":0,"20":0,"21":0,"22":0,"23":2},"f":{"0":0,"1":0},"b":{"0":[0,0],"1":[0,0]},"_coverageSchema":"1a1c01bbd47fc00a2c39e90264f33305004495a9","hash":"bc4c10f41c4e1fde1eb59075426a79017ef15872"}
,"/home/niteshramola/Documents/Shippigo/LearningNodeJs/13-IntegrationTesting/startup/config.js": {"path":"/home/niteshramola/Documents/Shippigo/LearningNodeJs/13-IntegrationTesting/startup/config.js","statementMap":{"0":{"start":{"line":1,"column":15},"end":{"line":1,"column":32}},"1":{"start":{"line":3,"column":0},"end":{"line":8,"column":1}},"2":{"start":{"line":4,"column":2},"end":{"line":7,"column":3}},"3":{"start":{"line":5,"column":4},"end":{"line":5,"column":54}},"4":{"start":{"line":6,"column":4},"end":{"line":6,"column":18}}},"fnMap":{"0":{"name":"(anonymous_0)","decl":{"start":{"line":3,"column":17},"end":{"line":3,"column":18}},"loc":{"start":{"line":3,"column":23},"end":{"line":8,"column":1}},"line":3}},"branchMap":{"0":{"loc":{"start":{"line":4,"column":2},"end":{"line":7,"column":3}},"type":"if","locations":[{"start":{"line":4,"column":2},"end":{"line":7,"column":3}},{"start":{},"end":{}}],"line":4}},"s":{"0":2,"1":2,"2":2,"3":0,"4":0},"f":{"0":2},"b":{"0":[0,2]},"_coverageSchema":"1a1c01bbd47fc00a2c39e90264f33305004495a9","hash":"02be59da30e69e33895bc6110d05440019c58e2c"}
,"/home/niteshramola/Documents/Shippigo/LearningNodeJs/13-IntegrationTesting/startup/db.js": {"path":"/home/niteshramola/Documents/Shippigo/LearningNodeJs/13-IntegrationTesting/startup/db.js","statementMap":{"0":{"start":{"line":1,"column":17},"end":{"line":1,"column":36}},"1":{"start":{"line":2,"column":16},"end":{"line":2,"column":34}},"2":{"start":{"line":3,"column":15},"end":{"line":3,"column":32}},"3":{"start":{"line":5,"column":0},"end":{"line":8,"column":2}},"4":{"start":{"line":6,"column":13},"end":{"line":6,"column":29}},"5":{"start":{"line":7,"column":2},"end":{"line":7,"column":73}},"6":{"start":{"line":7,"column":34},"end":{"line":7,"column":71}}},"fnMap":{"0":{"name":"(anonymous_0)","decl":{"start":{"line":5,"column":17},"end":{"line":5,"column":18}},"loc":{"start":{"line":5,"column":23},"end":{"line":8,"column":1}},"line":5},"1":{"name":"(anonymous_1)","decl":{"start":{"line":7,"column":28},"end":{"line":7,"column":29}},"loc":{"start":{"line":7,"column":34},"end":{"line":7,"column":71}},"line":7}},"branchMap":{},"s":{"0":2,"1":2,"2":2,"3":2,"4":2,"5":2,"6":1},"f":{"0":2,"1":1},"b":{},"_coverageSchema":"1a1c01bbd47fc00a2c39e90264f33305004495a9","hash":"404bcfc7ac3fa319e6d2cd3dbb4a15df56c8df6a"}
,"/home/niteshramola/Documents/Shippigo/LearningNodeJs/13-IntegrationTesting/startup/logging.js": {"path":"/home/niteshramola/Documents/Shippigo/LearningNodeJs/13-IntegrationTesting/startup/logging.js","statementMap":{"0":{"start":{"line":1,"column":16},"end":{"line":1,"column":34}},"1":{"start":{"line":3,"column":0},"end":{"line":3,"column":32}},"2":{"start":{"line":5,"column":0},"end":{"line":20,"column":2}},"3":{"start":{"line":6,"column":2},"end":{"line":9,"column":5}},"4":{"start":{"line":7,"column":4},"end":{"line":7,"column":32}},"5":{"start":{"line":8,"column":4},"end":{"line":8,"column":20}},"6":{"start":{"line":11,"column":2},"end":{"line":14,"column":5}},"7":{"start":{"line":12,"column":4},"end":{"line":12,"column":32}},"8":{"start":{"line":13,"column":4},"end":{"line":13,"column":20}},"9":{"start":{"line":16,"column":2},"end":{"line":16,"column":68}}},"fnMap":{"0":{"name":"(anonymous_0)","decl":{"start":{"line":5,"column":17},"end":{"line":5,"column":18}},"loc":{"start":{"line":5,"column":23},"end":{"line":20,"column":1}},"line":5},"1":{"name":"(anonymous_1)","decl":{"start":{"line":6,"column":34},"end":{"line":6,"column":35}},"loc":{"start":{"line":6,"column":41},"end":{"line":9,"column":3}},"line":6},"2":{"name":"(anonymous_2)","decl":{"start":{"line":11,"column":35},"end":{"line":11,"column":36}},"loc":{"start":{"line":11,"column":42},"end":{"line":14,"column":3}},"line":11}},"branchMap":{},"s":{"0":2,"1":2,"2":2,"3":2,"4":0,"5":0,"6":2,"7":0,"8":0,"9":2},"f":{"0":2,"1":0,"2":0},"b":{},"_coverageSchema":"1a1c01bbd47fc00a2c39e90264f33305004495a9","hash":"842ecf27e892f9eea6bd3898f769851a6446d2d6"}
,"/home/niteshramola/Documents/Shippigo/LearningNodeJs/13-IntegrationTesting/startup/routes.js": {"path":"/home/niteshramola/Documents/Shippigo/LearningNodeJs/13-IntegrationTesting/startup/routes.js","statementMap":{"0":{"start":{"line":1,"column":16},"end":{"line":1,"column":34}},"1":{"start":{"line":2,"column":14},"end":{"line":2,"column":44}},"2":{"start":{"line":3,"column":15},"end":{"line":3,"column":42}},"3":{"start":{"line":4,"column":18},"end":{"line":4,"column":48}},"4":{"start":{"line":5,"column":15},"end":{"line":5,"column":42}},"5":{"start":{"line":6,"column":16},"end":{"line":6,"column":44}},"6":{"start":{"line":7,"column":14},"end":{"line":7,"column":40}},"7":{"start":{"line":8,"column":13},"end":{"line":8,"column":38}},"8":{"start":{"line":11,"column":0},"end":{"line":20,"column":1}},"9":{"start":{"line":12,"column":2},"end":{"line":12,"column":26}},"10":{"start":{"line":13,"column":2},"end":{"line":13,"column":33}},"11":{"start":{"line":14,"column":2},"end":{"line":14,"column":39}},"12":{"start":{"line":15,"column":2},"end":{"line":15,"column":33}},"13":{"start":{"line":16,"column":2},"end":{"line":16,"column":35}},"14":{"start":{"line":17,"column":2},"end":{"line":17,"column":31}},"15":{"start":{"line":18,"column":2},"end":{"line":18,"column":30}},"16":{"start":{"line":19,"column":2},"end":{"line":19,"column":17}}},"fnMap":{"0":{"name":"(anonymous_0)","decl":{"start":{"line":11,"column":17},"end":{"line":11,"column":18}},"loc":{"start":{"line":11,"column":26},"end":{"line":20,"column":1}},"line":11}},"branchMap":{},"s":{"0":2,"1":2,"2":2,"3":2,"4":2,"5":2,"6":2,"7":2,"8":2,"9":2,"10":2,"11":2,"12":2,"13":2,"14":2,"15":2,"16":2},"f":{"0":2},"b":{},"_coverageSchema":"1a1c01bbd47fc00a2c39e90264f33305004495a9","hash":"38f0ebb3d4378e1bc28f266a5ac950bc9fc557ff"}
,"/home/niteshramola/Documents/Shippigo/LearningNodeJs/13-IntegrationTesting/startup/validation.js": {"path":"/home/niteshramola/Documents/Shippigo/LearningNodeJs/13-IntegrationTesting/startup/validation.js","statementMap":{"0":{"start":{"line":1,"column":12},"end":{"line":1,"column":26}},"1":{"start":{"line":3,"column":0},"end":{"line":5,"column":1}},"2":{"start":{"line":4,"column":2},"end":{"line":4,"column":45}}},"fnMap":{"0":{"name":"(anonymous_0)","decl":{"start":{"line":3,"column":17},"end":{"line":3,"column":18}},"loc":{"start":{"line":3,"column":23},"end":{"line":5,"column":1}},"line":3}},"branchMap":{},"s":{"0":2,"1":2,"2":2},"f":{"0":2},"b":{},"_coverageSchema":"1a1c01bbd47fc00a2c39e90264f33305004495a9","hash":"7cdad26fecf3dd4b13e26dddf437184033930a5c"}
}
