{"/home/niteshramola/Documents/Shippigo/LearningNodeJs/13-IntegrationTesting/index.js": {"path":"/home/niteshramola/Documents/Shippigo/LearningNodeJs/13-IntegrationTesting/index.js","statementMap":{"0":{"start":{"line":1,"column":16},"end":{"line":1,"column":34}},"1":{"start":{"line":2,"column":16},"end":{"line":2,"column":34}},"2":{"start":{"line":3,"column":12},"end":{"line":3,"column":21}},"3":{"start":{"line":5,"column":0},"end":{"line":5,"column":31}},"4":{"start":{"line":6,"column":0},"end":{"line":6,"column":33}},"5":{"start":{"line":7,"column":0},"end":{"line":7,"column":26}},"6":{"start":{"line":8,"column":0},"end":{"line":8,"column":30}},"7":{"start":{"line":9,"column":0},"end":{"line":9,"column":34}},"8":{"start":{"line":11,"column":13},"end":{"line":11,"column":37}},"9":{"start":{"line":12,"column":15},"end":{"line":14,"column":1}},"10":{"start":{"line":13,"column":2},"end":{"line":13,"column":46}},"11":{"start":{"line":16,"column":0},"end":{"line":16,"column":24}}},"fnMap":{"0":{"name":"(anonymous_0)","decl":{"start":{"line":12,"column":32},"end":{"line":12,"column":33}},"loc":{"start":{"line":13,"column":2},"end":{"line":13,"column":46}},"line":13}},"branchMap":{"0":{"loc":{"start":{"line":11,"column":13},"end":{"line":11,"column":37}},"type":"binary-expr","locations":[{"start":{"line":11,"column":13},"end":{"line":11,"column":29}},{"start":{"line":11,"column":33},"end":{"line":11,"column":37}}],"line":11}},"s":{"0":2,"1":2,"2":2,"3":2,"4":2,"5":2,"6":2,"7":2,"8":2,"9":2,"10":2,"11":2},"f":{"0":2},"b":{"0":[2,2]},"_coverageSchema":"1a1c01bbd47fc00a2c39e90264f33305004495a9","hash":"1c5073775596cd059aa7bac67dd5005c376a2bed"}
,"/home/niteshramola/Documents/Shippigo/LearningNodeJs/13-IntegrationTesting/middleware/auth.js": {"path":"/home/niteshramola/Documents/Shippigo/LearningNodeJs/13-IntegrationTesting/middleware/auth.js","statementMap":{"0":{"start":{"line":1,"column":12},"end":{"line":1,"column":35}},"1":{"start":{"line":2,"column":15},"end":{"line":2,"column":32}},"2":{"start":{"line":4,"column":13},"end":{"line":15,"column":1}},"3":{"start":{"line":5,"column":16},"end":{"line":5,"column":42}},"4":{"start":{"line":6,"column":2},"end":{"line":6,"column":77}},"5":{"start":{"line":6,"column":13},"end":{"line":6,"column":77}},"6":{"start":{"line":8,"column":2},"end":{"line":14,"column":3}},"7":{"start":{"line":9,"column":20},"end":{"line":9,"column":66}},"8":{"start":{"line":10,"column":4},"end":{"line":10,"column":23}},"9":{"start":{"line":11,"column":4},"end":{"line":11,"column":11}},"10":{"start":{"line":13,"column":4},"end":{"line":13,"column":57}},"11":{"start":{"line":17,"column":0},"end":{"line":17,"column":22}}},"fnMap":{"0":{"name":"(anonymous_0)","decl":{"start":{"line":4,"column":13},"end":{"line":4,"column":14}},"loc":{"start":{"line":4,"column":33},"end":{"line":15,"column":1}},"line":4}},"branchMap":{"0":{"loc":{"start":{"line":6,"column":2},"end":{"line":6,"column":77}},"type":"if","locations":[{"start":{"line":6,"column":2},"end":{"line":6,"column":77}},{"start":{},"end":{}}],"line":6}},"s":{"0":3,"1":3,"2":3,"3":21,"4":21,"5":5,"6":16,"7":16,"8":15,"9":15,"10":1,"11":3},"f":{"0":21},"b":{"0":[5,16]},"_coverageSchema":"1a1c01bbd47fc00a2c39e90264f33305004495a9","hash":"8605f6490298666a433a9c740bcf9bb265a9afb1"}
,"/home/niteshramola/Documents/Shippigo/LearningNodeJs/13-IntegrationTesting/models/genre.js": {"path":"/home/niteshramola/Documents/Shippigo/LearningNodeJs/13-IntegrationTesting/models/genre.js","statementMap":{"0":{"start":{"line":1,"column":12},"end":{"line":1,"column":26}},"1":{"start":{"line":2,"column":17},"end":{"line":2,"column":36}},"2":{"start":{"line":4,"column":20},"end":{"line":11,"column":2}},"3":{"start":{"line":13,"column":14},"end":{"line":13,"column":50}},"4":{"start":{"line":16,"column":17},"end":{"line":18,"column":3}},"5":{"start":{"line":20,"column":2},"end":{"line":20,"column":37}},"6":{"start":{"line":23,"column":0},"end":{"line":23,"column":34}},"7":{"start":{"line":24,"column":0},"end":{"line":24,"column":22}},"8":{"start":{"line":25,"column":0},"end":{"line":25,"column":33}}},"fnMap":{"0":{"name":"validateGenre","decl":{"start":{"line":15,"column":9},"end":{"line":15,"column":22}},"loc":{"start":{"line":15,"column":30},"end":{"line":21,"column":1}},"line":15}},"branchMap":{},"s":{"0":2,"1":2,"2":2,"3":2,"4":9,"5":9,"6":2,"7":2,"8":2},"f":{"0":9},"b":{},"_coverageSchema":"1a1c01bbd47fc00a2c39e90264f33305004495a9","hash":"d209b41f69ab932540354238898b6549a799896c"}
,"/home/niteshramola/Documents/Shippigo/LearningNodeJs/13-IntegrationTesting/models/user.js": {"path":"/home/niteshramola/Documents/Shippigo/LearningNodeJs/13-IntegrationTesting/models/user.js","statementMap":{"0":{"start":{"line":1,"column":12},"end":{"line":1,"column":26}},"1":{"start":{"line":2,"column":17},"end":{"line":2,"column":36}},"2":{"start":{"line":3,"column":15},"end":{"line":3,"column":32}},"3":{"start":{"line":4,"column":12},"end":{"line":4,"column":35}},"4":{"start":{"line":6,"column":19},"end":{"line":30,"column":2}},"5":{"start":{"line":32,"column":0},"end":{"line":35,"column":1}},"6":{"start":{"line":33,"column":16},"end":{"line":33,"column":96}},"7":{"start":{"line":34,"column":2},"end":{"line":34,"column":15}},"8":{"start":{"line":37,"column":13},"end":{"line":37,"column":47}},"9":{"start":{"line":40,"column":17},"end":{"line":45,"column":3}},"10":{"start":{"line":47,"column":2},"end":{"line":47,"column":36}},"11":{"start":{"line":50,"column":0},"end":{"line":50,"column":20}},"12":{"start":{"line":51,"column":0},"end":{"line":51,"column":32}}},"fnMap":{"0":{"name":"(anonymous_0)","decl":{"start":{"line":32,"column":39},"end":{"line":32,"column":40}},"loc":{"start":{"line":32,"column":50},"end":{"line":35,"column":1}},"line":32},"1":{"name":"validateUser","decl":{"start":{"line":39,"column":9},"end":{"line":39,"column":21}},"loc":{"start":{"line":39,"column":28},"end":{"line":48,"column":1}},"line":39}},"branchMap":{},"s":{"0":4,"1":4,"2":4,"3":4,"4":4,"5":4,"6":24,"7":24,"8":4,"9":0,"10":0,"11":4,"12":4},"f":{"0":24,"1":0},"b":{},"_coverageSchema":"1a1c01bbd47fc00a2c39e90264f33305004495a9","hash":"3924026cd72ab5463df0274ac883a6e388b9059f"}
,"/home/niteshramola/Documents/Shippigo/LearningNodeJs/13-IntegrationTesting/routes/genres.js": {"path":"/home/niteshramola/Documents/Shippigo/LearningNodeJs/13-IntegrationTesting/routes/genres.js","statementMap":{"0":{"start":{"line":1,"column":28},"end":{"line":1,"column":54}},"1":{"start":{"line":2,"column":16},"end":{"line":2,"column":34}},"2":{"start":{"line":3,"column":13},"end":{"line":3,"column":42}},"3":{"start":{"line":4,"column":16},"end":{"line":4,"column":46}},"4":{"start":{"line":5,"column":25},"end":{"line":5,"column":66}},"5":{"start":{"line":6,"column":15},"end":{"line":6,"column":31}},"6":{"start":{"line":8,"column":0},"end":{"line":11,"column":3}},"7":{"start":{"line":9,"column":17},"end":{"line":9,"column":48}},"8":{"start":{"line":10,"column":2},"end":{"line":10,"column":19}},"9":{"start":{"line":13,"column":0},"end":{"line":21,"column":3}},"10":{"start":{"line":14,"column":20},"end":{"line":14,"column":38}},"11":{"start":{"line":15,"column":2},"end":{"line":15,"column":67}},"12":{"start":{"line":15,"column":13},"end":{"line":15,"column":67}},"13":{"start":{"line":17,"column":14},"end":{"line":17,"column":48}},"14":{"start":{"line":18,"column":2},"end":{"line":18,"column":29}},"15":{"start":{"line":20,"column":2},"end":{"line":20,"column":18}},"16":{"start":{"line":23,"column":0},"end":{"line":39,"column":3}},"17":{"start":{"line":24,"column":20},"end":{"line":24,"column":38}},"18":{"start":{"line":25,"column":2},"end":{"line":25,"column":67}},"19":{"start":{"line":25,"column":13},"end":{"line":25,"column":67}},"20":{"start":{"line":27,"column":16},"end":{"line":33,"column":3}},"21":{"start":{"line":35,"column":2},"end":{"line":36,"column":78}},"22":{"start":{"line":36,"column":4},"end":{"line":36,"column":78}},"23":{"start":{"line":38,"column":2},"end":{"line":38,"column":18}},"24":{"start":{"line":41,"column":0},"end":{"line":48,"column":3}},"25":{"start":{"line":42,"column":16},"end":{"line":42,"column":60}},"26":{"start":{"line":44,"column":2},"end":{"line":45,"column":78}},"27":{"start":{"line":45,"column":4},"end":{"line":45,"column":78}},"28":{"start":{"line":47,"column":2},"end":{"line":47,"column":18}},"29":{"start":{"line":50,"column":0},"end":{"line":57,"column":3}},"30":{"start":{"line":51,"column":16},"end":{"line":51,"column":51}},"31":{"start":{"line":53,"column":2},"end":{"line":54,"column":78}},"32":{"start":{"line":54,"column":4},"end":{"line":54,"column":78}},"33":{"start":{"line":56,"column":2},"end":{"line":56,"column":18}},"34":{"start":{"line":59,"column":0},"end":{"line":59,"column":24}}},"fnMap":{"0":{"name":"(anonymous_0)","decl":{"start":{"line":8,"column":16},"end":{"line":8,"column":17}},"loc":{"start":{"line":8,"column":36},"end":{"line":11,"column":1}},"line":8},"1":{"name":"(anonymous_1)","decl":{"start":{"line":13,"column":23},"end":{"line":13,"column":24}},"loc":{"start":{"line":13,"column":43},"end":{"line":21,"column":1}},"line":13},"2":{"name":"(anonymous_2)","decl":{"start":{"line":23,"column":45},"end":{"line":23,"column":46}},"loc":{"start":{"line":23,"column":65},"end":{"line":39,"column":1}},"line":23},"3":{"name":"(anonymous_3)","decl":{"start":{"line":41,"column":57},"end":{"line":41,"column":58}},"loc":{"start":{"line":41,"column":77},"end":{"line":48,"column":1}},"line":41},"4":{"name":"(anonymous_4)","decl":{"start":{"line":50,"column":37},"end":{"line":50,"column":38}},"loc":{"start":{"line":50,"column":57},"end":{"line":57,"column":1}},"line":50}},"branchMap":{"0":{"loc":{"start":{"line":15,"column":2},"end":{"line":15,"column":67}},"type":"if","locations":[{"start":{"line":15,"column":2},"end":{"line":15,"column":67}},{"start":{},"end":{}}],"line":15},"1":{"loc":{"start":{"line":25,"column":2},"end":{"line":25,"column":67}},"type":"if","locations":[{"start":{"line":25,"column":2},"end":{"line":25,"column":67}},{"start":{},"end":{}}],"line":25},"2":{"loc":{"start":{"line":35,"column":2},"end":{"line":36,"column":78}},"type":"if","locations":[{"start":{"line":35,"column":2},"end":{"line":36,"column":78}},{"start":{},"end":{}}],"line":35},"3":{"loc":{"start":{"line":44,"column":2},"end":{"line":45,"column":78}},"type":"if","locations":[{"start":{"line":44,"column":2},"end":{"line":45,"column":78}},{"start":{},"end":{}}],"line":44},"4":{"loc":{"start":{"line":53,"column":2},"end":{"line":54,"column":78}},"type":"if","locations":[{"start":{"line":53,"column":2},"end":{"line":54,"column":78}},{"start":{},"end":{}}],"line":53}},"s":{"0":2,"1":2,"2":2,"3":2,"4":2,"5":2,"6":2,"7":1,"8":1,"9":2,"10":4,"11":4,"12":2,"13":2,"14":2,"15":2,"16":2,"17":5,"18":5,"19":2,"20":3,"21":3,"22":1,"23":2,"24":2,"25":3,"26":3,"27":1,"28":2,"29":2,"30":2,"31":2,"32":1,"33":1,"34":2},"f":{"0":1,"1":4,"2":5,"3":3,"4":2},"b":{"0":[2,2],"1":[2,3],"2":[1,2],"3":[1,2],"4":[1,1]},"_coverageSchema":"1a1c01bbd47fc00a2c39e90264f33305004495a9","hash":"7152bc518cdfc46d5c1b9d1d58312debd4029b5f"}
}
