TN:
SF:index.js
FN:12,(anonymous_0)
FNF:1
FNH:1
FNDA:2,(anonymous_0)
DA:1,2
DA:2,2
DA:3,2
DA:5,2
DA:6,2
DA:7,2
DA:8,2
DA:9,2
DA:11,2
DA:12,2
DA:13,2
DA:16,2
LF:12
LH:12
BRDA:11,0,0,2
BRDA:11,0,1,2
BRF:2
BRH:2
end_of_record
TN:
SF:middleware/auth.js
FN:4,(anonymous_0)
FNF:1
FNH:1
FNDA:21,(anonymous_0)
DA:1,3
DA:2,3
DA:4,3
DA:5,21
DA:6,21
DA:8,16
DA:9,16
DA:10,15
DA:11,15
DA:13,1
DA:17,3
LF:11
LH:11
BRDA:6,0,0,5
BRDA:6,0,1,16
BRF:2
BRH:2
end_of_record
TN:
SF:models/genre.js
FN:15,validateGenre
FNF:1
FNH:1
FNDA:9,validateGenre
DA:1,2
DA:2,2
DA:4,2
DA:13,2
DA:16,9
DA:20,9
DA:23,2
DA:24,2
DA:25,2
LF:9
LH:9
BRF:0
BRH:0
end_of_record
TN:
SF:models/user.js
FN:32,(anonymous_0)
FN:39,validateUser
FNF:2
FNH:1
FNDA:24,(anonymous_0)
FNDA:0,validateUser
DA:1,4
DA:2,4
DA:3,4
DA:4,4
DA:6,4
DA:32,4
DA:33,24
DA:34,24
DA:37,4
DA:40,0
DA:47,0
DA:50,4
DA:51,4
LF:13
LH:11
BRF:0
BRH:0
end_of_record
TN:
SF:routes/genres.js
FN:8,(anonymous_0)
FN:13,(anonymous_1)
FN:23,(anonymous_2)
FN:41,(anonymous_3)
FN:50,(anonymous_4)
FNF:5
FNH:5
FNDA:1,(anonymous_0)
FNDA:4,(anonymous_1)
FNDA:5,(anonymous_2)
FNDA:3,(anonymous_3)
FNDA:2,(anonymous_4)
DA:1,2
DA:2,2
DA:3,2
DA:4,2
DA:5,2
DA:6,2
DA:8,2
DA:9,1
DA:10,1
DA:13,2
DA:14,4
DA:15,4
DA:17,2
DA:18,2
DA:20,2
DA:23,2
DA:24,5
DA:25,5
DA:27,3
DA:35,3
DA:36,1
DA:38,2
DA:41,2
DA:42,3
DA:44,3
DA:45,1
DA:47,2
DA:50,2
DA:51,2
DA:53,2
DA:54,1
DA:56,1
DA:59,2
LF:33
LH:33
BRDA:15,0,0,2
BRDA:15,0,1,2
BRDA:25,1,0,2
BRDA:25,1,1,3
BRDA:35,2,0,1
BRDA:35,2,1,2
BRDA:44,3,0,1
BRDA:44,3,1,2
BRDA:53,4,0,1
BRDA:53,4,1,1
BRF:10
BRH:10
end_of_record
